<?xml version="1.0" encoding="UTF-8"?>
<testsuite xmlns:xsi="http://www.w3.org/2001/XMLSchema-instance" xsi:noNamespaceSchemaLocation="https://maven.apache.org/surefire/maven-surefire-plugin/xsd/surefire-test-report.xsd" name="com.sampletech.AppTest" time="0.025" tests="1" errors="0" skipped="0" failures="0">
  <properties>
    <property name="java.specification.version" value="17"/>
    <property name="sun.cpu.isalist" value="amd64"/>
    <property name="sun.jnu.encoding" value="Cp1252"/>
    <property name="java.class.path" value="C:\Users\prasa\webappsampletech\target\test-classes;C:\Users\prasa\webappsampletech\target\classes;C:\Users\prasa\.m2\repository\junit\junit\4.11\junit-4.11.jar;C:\Users\prasa\.m2\repository\org\hamcrest\hamcrest-core\1.3\hamcrest-core-1.3.jar;C:\Users\prasa\.m2\repository\org\webjars\npm\google__model-viewer\2.0.0-rc3\google__model-viewer-2.0.0-rc3.jar;C:\Users\prasa\.m2\repository\org\webjars\npm\three\0.144.0\three-0.144.0.jar;C:\Users\prasa\.m2\repository\org\webjars\npm\lit\2.8.0\lit-2.8.0.jar;C:\Users\prasa\.m2\repository\org\webjars\npm\lit__reactive-element\1.6.3\lit__reactive-element-1.6.3.jar;C:\Users\prasa\.m2\repository\org\webjars\npm\lit-labs__ssr-dom-shim\1.2.1\lit-labs__ssr-dom-shim-1.2.1.jar;C:\Users\prasa\.m2\repository\org\webjars\npm\lit-element\3.3.3\lit-element-3.3.3.jar;C:\Users\prasa\.m2\repository\org\webjars\npm\lit-html\2.8.0\lit-html-2.8.0.jar;C:\Users\prasa\.m2\repository\org\webjars\npm\types__trusted-types\2.0.7\types__trusted-types-2.0.7.jar;C:\Users\prasa\.m2\repository\org\webjars\npm\authress__login\2.2.233\authress__login-2.2.233.jar;C:\Users\prasa\.m2\repository\org\webjars\npm\axios\0.21.4\axios-0.21.4.jar;C:\Users\prasa\.m2\repository\org\webjars\npm\follow-redirects\1.15.9\follow-redirects-1.15.9.jar;C:\Users\prasa\.m2\repository\org\webjars\npm\cookie\0.5.0\cookie-0.5.0.jar;C:\Users\prasa\.m2\repository\org\webjars\npm\lodash.take\4.1.1\lodash.take-4.1.1.jar;"/>
    <property name="java.vm.vendor" value="Oracle Corporation"/>
    <property name="sun.arch.data.model" value="64"/>
    <property name="user.variant" value=""/>
    <property name="java.vendor.url" value="https://java.oracle.com/"/>
    <property name="user.timezone" value="Asia/Calcutta"/>
    <property name="os.name" value="Windows 11"/>
    <property name="java.vm.specification.version" value="17"/>
    <property name="sun.java.launcher" value="SUN_STANDARD"/>
    <property name="user.country" value="IN"/>
    <property name="sun.boot.library.path" value="C:\Program Files\Java\jdk-17.0.2\bin"/>
    <property name="sun.java.command" value="C:\Users\prasa\AppData\Local\Temp\surefire9240128961935533865\surefirebooter14757631436486141099.jar C:\Users\prasa\AppData\Local\Temp\surefire9240128961935533865 2024-12-01T14-24-52_029-jvmRun1 surefire17995538927167842120tmp surefire_016931496274978791671tmp"/>
    <property name="jdk.debug" value="release"/>
    <property name="surefire.test.class.path" value="C:\Users\prasa\webappsampletech\target\test-classes;C:\Users\prasa\webappsampletech\target\classes;C:\Users\prasa\.m2\repository\junit\junit\4.11\junit-4.11.jar;C:\Users\prasa\.m2\repository\org\hamcrest\hamcrest-core\1.3\hamcrest-core-1.3.jar;C:\Users\prasa\.m2\repository\org\webjars\npm\google__model-viewer\2.0.0-rc3\google__model-viewer-2.0.0-rc3.jar;C:\Users\prasa\.m2\repository\org\webjars\npm\three\0.144.0\three-0.144.0.jar;C:\Users\prasa\.m2\repository\org\webjars\npm\lit\2.8.0\lit-2.8.0.jar;C:\Users\prasa\.m2\repository\org\webjars\npm\lit__reactive-element\1.6.3\lit__reactive-element-1.6.3.jar;C:\Users\prasa\.m2\repository\org\webjars\npm\lit-labs__ssr-dom-shim\1.2.1\lit-labs__ssr-dom-shim-1.2.1.jar;C:\Users\prasa\.m2\repository\org\webjars\npm\lit-element\3.3.3\lit-element-3.3.3.jar;C:\Users\prasa\.m2\repository\org\webjars\npm\lit-html\2.8.0\lit-html-2.8.0.jar;C:\Users\prasa\.m2\repository\org\webjars\npm\types__trusted-types\2.0.7\types__trusted-types-2.0.7.jar;C:\Users\prasa\.m2\repository\org\webjars\npm\authress__login\2.2.233\authress__login-2.2.233.jar;C:\Users\prasa\.m2\repository\org\webjars\npm\axios\0.21.4\axios-0.21.4.jar;C:\Users\prasa\.m2\repository\org\webjars\npm\follow-redirects\1.15.9\follow-redirects-1.15.9.jar;C:\Users\prasa\.m2\repository\org\webjars\npm\cookie\0.5.0\cookie-0.5.0.jar;C:\Users\prasa\.m2\repository\org\webjars\npm\lodash.take\4.1.1\lodash.take-4.1.1.jar;"/>
    <property name="sun.cpu.endian" value="little"/>
    <property name="user.home" value="C:\Users\prasa"/>
    <property name="user.language" value="en"/>
    <property name="java.specification.vendor" value="Oracle Corporation"/>
    <property name="java.version.date" value="2022-01-18"/>
    <property name="java.home" value="C:\Program Files\Java\jdk-17.0.2"/>
    <property name="file.separator" value="\"/>
    <property name="basedir" value="C:\Users\prasa\webappsampletech"/>
    <property name="java.vm.compressedOopsMode" value="32-bit"/>
    <property name="line.separator" value="&#10;"/>
    <property name="java.vm.specification.vendor" value="Oracle Corporation"/>
    <property name="java.specification.name" value="Java Platform API Specification"/>
    <property name="surefire.real.class.path" value="C:\Users\prasa\AppData\Local\Temp\surefire9240128961935533865\surefirebooter14757631436486141099.jar"/>
    <property name="user.script" value=""/>
    <property name="sun.management.compiler" value="HotSpot 64-Bit Tiered Compilers"/>
    <property name="java.runtime.version" value="17.0.2+8-LTS-86"/>
    <property name="user.name" value="prasa"/>
    <property name="path.separator" value=";"/>
    <property name="os.version" value="10.0"/>
    <property name="java.runtime.name" value="Java(TM) SE Runtime Environment"/>
    <property name="file.encoding" value="Cp1252"/>
    <property name="java.vm.name" value="Java HotSpot(TM) 64-Bit Server VM"/>
    <property name="localRepository" value="C:\Users\prasa\.m2\repository"/>
    <property name="java.vendor.url.bug" value="https://bugreport.java.com/bugreport/"/>
    <property name="java.io.tmpdir" value="C:\Users\prasa\AppData\Local\Temp\"/>
    <property name="java.version" value="17.0.2"/>
    <property name="user.dir" value="C:\Users\prasa\webappsampletech"/>
    <property name="os.arch" value="amd64"/>
    <property name="java.vm.specification.name" value="Java Virtual Machine Specification"/>
    <property name="sun.os.patch.level" value=""/>
    <property name="native.encoding" value="Cp1252"/>
    <property name="java.library.path" value="C:\Program Files\Java\jdk-17.0.2\bin;C:\WINDOWS\Sun\Java\bin;C:\WINDOWS\system32;C:\WINDOWS;C:\Program Files (x86)\Common Files\Oracle\Java\javapath;C:\Program Files\Amazon Corretto\jdk11.0.16_9\bin;C:\Program Files\Common Files\Oracle\Java\javapath;C:\oracle\product\10.2.0\db_1\bin;C:\WINDOWS\system32;C:\WINDOWS;C:\WINDOWS\System32\Wbem;C:\WINDOWS\System32\WindowsPowerShell\v1.0\;C:\WINDOWS\System32\OpenSSH\;C:\Program Files\Java\jdk1.8.0_202\bin;C:\Program Files\Git\Git\cmd;C:\Users\prasa\Downloads\apache-maven-3.9.9\apache-maven-3.9.9\bin;C:\Program Files\Java\jdk-17.0.2\bin;C:\Users\prasa\AppData\Local\Microsoft\WindowsApps;;C:\Users\prasa\AppData\Local\Programs\Microsoft VS Code\bin;."/>
    <property name="java.vm.info" value="mixed mode, sharing"/>
    <property name="java.vendor" value="Oracle Corporation"/>
    <property name="java.vm.version" value="17.0.2+8-LTS-86"/>
    <property name="sun.io.unicode.encoding" value="UnicodeLittle"/>
    <property name="java.class.version" value="61.0"/>
  </properties>
  <testcase name="shouldAnswerWithTrue" classname="com.sampletech.AppTest" time="0"/>
</testsuite>